This file contains any messages produced by compilers while
running configure, to aid debugging if configure makes a mistake.

It was created by configure, which was
generated by GNU Autoconf 2.57.  Invocation command line was

  $ ./configure 

## --------- ##
## Platform. ##
## --------- ##

hostname = J0nny
uname -m = x86_64
uname -r = 5.10.102.1-microsoft-standard-WSL2
uname -s = Linux
uname -v = #1 SMP Wed Mar 2 00:30:59 UTC 2022

/usr/bin/uname -p = x86_64
/bin/uname -X     = unknown

/bin/arch              = x86_64
/usr/bin/arch -k       = unknown
/usr/convex/getsysinfo = unknown
hostinfo               = unknown
/bin/machine           = unknown
/usr/bin/oslevel       = unknown
/bin/universe          = unknown

PATH: /home/jonx030/.vscode-server/bin/e18005f0f1b33c29e81d732535d8c0e47cafb0b5/bin/remote-cli
PATH: /home/jonx030/.nvm/versions/node/v16.7.0/bin
PATH: /usr/local/sbin
PATH: /usr/local/bin
PATH: /usr/sbin
PATH: /usr/bin
PATH: /sbin
PATH: /bin
PATH: /usr/games
PATH: /usr/local/games
PATH: /usr/lib/wsl/lib
PATH: /mnt/c/Program Files/Common Files/Oracle/Java/javapath
PATH: /mnt/c/Python39/Scripts/
PATH: /mnt/c/Python39/
PATH: /mnt/c/WINDOWS/system32
PATH: /mnt/c/WINDOWS
PATH: /mnt/c/WINDOWS/System32/Wbem
PATH: /mnt/c/WINDOWS/System32/WindowsPowerShell/v1.0/
PATH: /mnt/c/WINDOWS/System32/OpenSSH/
PATH: /mnt/c/Program Files (x86)/NVIDIA Corporation/PhysX/Common
PATH: /mnt/c/Program Files/Git/cmd
PATH: /mnt/c/Program Files/PuTTY/
PATH: /mnt/c/Program Files/NVIDIA Corporation/NVIDIA NvDLISR
PATH: /mnt/c/Program Files/Java/jdk-14.0.1/bin
PATH: /mnt/c/WINDOWS/system32
PATH: /mnt/c/WINDOWS
PATH: /mnt/c/WINDOWS/System32/Wbem
PATH: /mnt/c/WINDOWS/System32/WindowsPowerShell/v1.0/
PATH: /mnt/c/WINDOWS/System32/OpenSSH/
PATH: /mnt/c/Program Files/nodejs/
PATH: /mnt/c/ProgramData/chocolatey/bin
PATH: /mnt/c/Program Files/MATLAB/R2021a/bin
PATH: /mnt/c/Program Files/dotnet/
PATH: /mnt/c/Program Files/MySQL/MySQL Shell 8.0/bin/
PATH: /mnt/c/Users/Jonathan Xu/AppData/Local/Programs/Microsoft VS Code/bin
PATH: /mnt/c/Users/Jonathan Xu/AppData/Local/GitHubDesktop/bin
PATH: /mnt/c/Users/Jonathan Xu/AppData/Local/Microsoft/WindowsApps
PATH: /mnt/c/Program Files (x86)/mingw-w64/i686-8.1.0-posix-dwarf-rt_v6-rev0/mingw32/bin
PATH: /mnt/c/Program Files/JetBrains/IntelliJ IDEA Community Edition 2021.3.1/bin
PATH: /mnt/c/Flutter/flutter/bin
PATH: /mnt/c/Program Files/JetBrains/IntelliJ IDEA 2020.3.2/bin
PATH: /mnt/c/Users/Jonathan Xu/AppData/Roaming/npm
PATH: /mnt/c/Users/Jonathan Xu/AppData/Local/Programs/MiKTeX/miktex/bin/x64/
PATH: /mnt/c/Program Files/JetBrains/IntelliJ IDEA Educational Edition 2021.3.3/bin
PATH: /snap/bin


## ----------- ##
## Core tests. ##
## ----------- ##

configure:1303: checking for gcc
configure:1319: found /usr/bin/gcc
configure:1329: result: gcc
configure:1573: checking for C compiler version
configure:1576: gcc --version </dev/null >&5
gcc (Ubuntu 9.3.0-17ubuntu1~20.04) 9.3.0
Copyright (C) 2019 Free Software Foundation, Inc.
This is free software; see the source for copying conditions.  There is NO
warranty; not even for MERCHANTABILITY or FITNESS FOR A PARTICULAR PURPOSE.

configure:1579: $? = 0
configure:1581: gcc -v </dev/null >&5
Using built-in specs.
COLLECT_GCC=gcc
COLLECT_LTO_WRAPPER=/usr/lib/gcc/x86_64-linux-gnu/9/lto-wrapper
OFFLOAD_TARGET_NAMES=nvptx-none:hsa
OFFLOAD_TARGET_DEFAULT=1
Target: x86_64-linux-gnu
Configured with: ../src/configure -v --with-pkgversion='Ubuntu 9.3.0-17ubuntu1~20.04' --with-bugurl=file:///usr/share/doc/gcc-9/README.Bugs --enable-languages=c,ada,c++,go,brig,d,fortran,objc,obj-c++,gm2 --prefix=/usr --with-gcc-major-version-only --program-suffix=-9 --program-prefix=x86_64-linux-gnu- --enable-shared --enable-linker-build-id --libexecdir=/usr/lib --without-included-gettext --enable-threads=posix --libdir=/usr/lib --enable-nls --enable-clocale=gnu --enable-libstdcxx-debug --enable-libstdcxx-time=yes --with-default-libstdcxx-abi=new --enable-gnu-unique-object --disable-vtable-verify --enable-plugin --enable-default-pie --with-system-zlib --with-target-system-zlib=auto --enable-objc-gc=auto --enable-multiarch --disable-werror --with-arch-32=i686 --with-abi=m64 --with-multilib-list=m32,m64,mx32 --enable-multilib --with-tune=generic --enable-offload-targets=nvptx-none=/build/gcc-9-HskZEa/gcc-9-9.3.0/debian/tmp-nvptx/usr,hsa --without-cuda-driver --enable-checking=release --build=x86_64-linux-gnu --host=x86_64-linux-gnu --target=x86_64-linux-gnu
Thread model: posix
gcc version 9.3.0 (Ubuntu 9.3.0-17ubuntu1~20.04) 
configure:1584: $? = 0
configure:1586: gcc -V </dev/null >&5
gcc: error: unrecognized command line option '-V'
gcc: fatal error: no input files
compilation terminated.
configure:1589: $? = 1
configure:1613: checking for C compiler default output
configure:1616: gcc    conftest.c  >&5
configure:1619: $? = 0
configure:1665: result: a.out
configure:1670: checking whether the C compiler works
configure:1676: ./a.out
configure:1679: $? = 0
configure:1696: result: yes
configure:1703: checking whether we are cross compiling
configure:1705: result: no
configure:1708: checking for suffix of executables
configure:1710: gcc -o conftest    conftest.c  >&5
configure:1713: $? = 0
configure:1738: result: 
configure:1744: checking for suffix of object files
configure:1766: gcc -c   conftest.c >&5
configure:1769: $? = 0
configure:1791: result: o
configure:1795: checking whether we are using the GNU C compiler
configure:1820: gcc -c   conftest.c >&5
configure:1823: $? = 0
configure:1826: test -s conftest.o
configure:1829: $? = 0
configure:1842: result: yes
configure:1848: checking whether gcc accepts -g
configure:1870: gcc -c -g  conftest.c >&5
configure:1873: $? = 0
configure:1876: test -s conftest.o
configure:1879: $? = 0
configure:1890: result: yes
configure:1907: checking for gcc option to accept ANSI C
configure:1968: gcc  -c -g -O2  conftest.c >&5
configure:1971: $? = 0
configure:1974: test -s conftest.o
configure:1977: $? = 0
configure:1995: result: none needed
configure:2013: gcc -c -g -O2  conftest.c >&5
conftest.c:2:3: error: unknown type name 'choke'
    2 |   choke me
      |   ^~~~~
conftest.c:2:3: error: expected '=', ',', ';', 'asm' or '__attribute__' at end of input
configure:2016: $? = 1
configure: failed program was:
| #ifndef __cplusplus
|   choke me
| #endif
configure:2163: checking build system type
configure:2181: result: x86_64-unknown-linux-gnu
configure:2189: checking host system type
configure:2203: result: x86_64-unknown-linux-gnu
configure:2218: checking how to run the C preprocessor
configure:2254: gcc -E  conftest.c
configure:2260: $? = 0
configure:2292: gcc -E  conftest.c
configure:2291:10: fatal error: ac_nonexistent.h: No such file or directory
 2291 | /* end confdefs.h.  */
      |          ^~~~~~~~~~~~~     
compilation terminated.
configure:2298: $? = 1
configure: failed program was:
| #line 2283 "configure"
| /* confdefs.h.  */
| 
| #define PACKAGE_NAME ""
| #define PACKAGE_TARNAME ""
| #define PACKAGE_VERSION ""
| #define PACKAGE_STRING ""
| #define PACKAGE_BUGREPORT ""
| /* end confdefs.h.  */
| #include <ac_nonexistent.h>
configure:2336: result: gcc -E
configure:2361: gcc -E  conftest.c
configure:2367: $? = 0
configure:2399: gcc -E  conftest.c
configure:2398:10: fatal error: ac_nonexistent.h: No such file or directory
 2398 | /* end confdefs.h.  */
      |          ^~~~~~~~~~~~~     
compilation terminated.
configure:2405: $? = 1
configure: failed program was:
| #line 2390 "configure"
| /* confdefs.h.  */
| 
| #define PACKAGE_NAME ""
| #define PACKAGE_TARNAME ""
| #define PACKAGE_VERSION ""
| #define PACKAGE_STRING ""
| #define PACKAGE_BUGREPORT ""
| /* end confdefs.h.  */
| #include <ac_nonexistent.h>
configure:2448: checking for egrep
configure:2458: result: grep -E
configure:2463: checking for ANSI C header files
configure:2489: gcc -c -g -O4 -Wall  conftest.c >&5
configure:2492: $? = 0
configure:2495: test -s conftest.o
configure:2498: $? = 0
configure:2590: gcc -o conftest -g -O4 -Wall   conftest.c  >&5
configure: In function 'main':
configure:2583:7: warning: implicit declaration of function 'exit' [-Wimplicit-function-declaration]
 2583 |   int i;
      |       ^~  
configure:2583:7: warning: incompatible implicit declaration of built-in function 'exit'
configure:2567:1: note: include '<stdlib.h>' or provide a declaration of 'exit'
 2566 | /* end confdefs.h.  */
  +++ |+#include <stdlib.h>
 2567 | #include <ctype.h>
configure:2584:3: warning: incompatible implicit declaration of built-in function 'exit'
 2584 |   for (i = 0; i < 256; i++)
      |   ^~~~
configure:2584:3: note: include '<stdlib.h>' or provide a declaration of 'exit'
configure:2593: $? = 0
configure:2595: ./conftest
configure:2598: $? = 0
configure:2613: result: yes
configure:2637: checking for sys/types.h
configure:2654: gcc -c -g -O4 -Wall  conftest.c >&5
configure:2657: $? = 0
configure:2660: test -s conftest.o
configure:2663: $? = 0
configure:2674: result: yes
configure:2637: checking for sys/stat.h
configure:2654: gcc -c -g -O4 -Wall  conftest.c >&5
configure:2657: $? = 0
configure:2660: test -s conftest.o
configure:2663: $? = 0
configure:2674: result: yes
configure:2637: checking for stdlib.h
configure:2654: gcc -c -g -O4 -Wall  conftest.c >&5
configure:2657: $? = 0
configure:2660: test -s conftest.o
configure:2663: $? = 0
configure:2674: result: yes
configure:2637: checking for string.h
configure:2654: gcc -c -g -O4 -Wall  conftest.c >&5
configure:2657: $? = 0
configure:2660: test -s conftest.o
configure:2663: $? = 0
configure:2674: result: yes
configure:2637: checking for memory.h
configure:2654: gcc -c -g -O4 -Wall  conftest.c >&5
configure:2657: $? = 0
configure:2660: test -s conftest.o
configure:2663: $? = 0
configure:2674: result: yes
configure:2637: checking for strings.h
configure:2654: gcc -c -g -O4 -Wall  conftest.c >&5
configure:2657: $? = 0
configure:2660: test -s conftest.o
configure:2663: $? = 0
configure:2674: result: yes
configure:2637: checking for inttypes.h
configure:2654: gcc -c -g -O4 -Wall  conftest.c >&5
configure:2657: $? = 0
configure:2660: test -s conftest.o
configure:2663: $? = 0
configure:2674: result: yes
configure:2637: checking for stdint.h
configure:2654: gcc -c -g -O4 -Wall  conftest.c >&5
configure:2657: $? = 0
configure:2660: test -s conftest.o
configure:2663: $? = 0
configure:2674: result: yes
configure:2637: checking for unistd.h
configure:2654: gcc -c -g -O4 -Wall  conftest.c >&5
configure:2657: $? = 0
configure:2660: test -s conftest.o
configure:2663: $? = 0
configure:2674: result: yes
configure:2701: checking sched.h usability
configure:2714: gcc -c -g -O4 -Wall  conftest.c >&5
configure:2717: $? = 0
configure:2720: test -s conftest.o
configure:2723: $? = 0
configure:2733: result: yes
configure:2737: checking sched.h presence
configure:2748: gcc -E  conftest.c
configure:2754: $? = 0
configure:2773: result: yes
configure:2809: checking for sched.h
configure:2816: result: yes
configure:2701: checking sys/mman.h usability
configure:2714: gcc -c -g -O4 -Wall  conftest.c >&5
configure:2717: $? = 0
configure:2720: test -s conftest.o
configure:2723: $? = 0
configure:2733: result: yes
configure:2737: checking sys/mman.h presence
configure:2748: gcc -E  conftest.c
configure:2754: $? = 0
configure:2773: result: yes
configure:2809: checking for sys/mman.h
configure:2816: result: yes
configure:2831: checking for library containing socket
configure:2862: gcc -o conftest -g -O4 -Wall   conftest.c  >&5
configure:2865: $? = 0
configure:2868: test -s conftest
configure:2871: $? = 0
configure:2930: result: none required
configure:2937: checking for library containing floor
configure:2968: gcc -o conftest -g -O4 -Wall   conftest.c  >&5
configure:2971:6: warning: conflicting types for built-in function 'floor'; expected 'double(double)' [-Wbuiltin-declaration-mismatch]
 2971 |   (eval $ac_link) 2>&5
      |      ^~~~~
configure:2944:1: note: 'floor' is declared in header '<math.h>'
 2943 | else
  +++ |+#include <math.h>
 2944 |   ac_func_search_save_LIBS=$LIBS
/usr/bin/ld: /tmp/cctTrwQD.o: in function `main':
/home/jonx030/ANRL/stab-1.3.1/configure:2975: undefined reference to `floor'
collect2: error: ld returned 1 exit status
configure:2971: $? = 1
configure: failed program was:
| #line 2944 "configure"
| /* confdefs.h.  */
| 
| #define PACKAGE_NAME ""
| #define PACKAGE_TARNAME ""
| #define PACKAGE_VERSION ""
| #define PACKAGE_STRING ""
| #define PACKAGE_BUGREPORT ""
| #define STDC_HEADERS 1
| #define HAVE_SYS_TYPES_H 1
| #define HAVE_SYS_STAT_H 1
| #define HAVE_STDLIB_H 1
| #define HAVE_STRING_H 1
| #define HAVE_MEMORY_H 1
| #define HAVE_STRINGS_H 1
| #define HAVE_INTTYPES_H 1
| #define HAVE_STDINT_H 1
| #define HAVE_UNISTD_H 1
| #define HAVE_SCHED_H 1
| #define HAVE_SYS_MMAN_H 1
| /* end confdefs.h.  */
| 
| /* Override any gcc2 internal prototype to avoid an error.  */
| #ifdef __cplusplus
| extern "C"
| #endif
| /* We use char because int might match the return type of a gcc2
|    builtin and then its argument prototype would still apply.  */
| char floor ();
| int
| main ()
| {
| floor ();
|   ;
|   return 0;
| }
configure:3013: gcc -o conftest -g -O4 -Wall   conftest.c -lm   >&5
configure:3016:6: warning: conflicting types for built-in function 'floor'; expected 'double(double)' [-Wbuiltin-declaration-mismatch]
 3016 |   (eval $ac_link) 2>&5
      |      ^~~~~
configure:2989:1: note: 'floor' is declared in header '<math.h>'
 2988 | if test "$ac_cv_search_floor" = no; then
  +++ |+#include <math.h>
 2989 |   for ac_lib in m; do
configure:3016: $? = 0
configure:3019: test -s conftest
configure:3022: $? = 0
configure:3036: result: -lm
configure:3043: checking for library containing sched_setscheduler
configure:3074: gcc -o conftest -g -O4 -Wall   conftest.c -lm  >&5
configure:3077: $? = 0
configure:3080: test -s conftest
configure:3083: $? = 0
configure:3142: result: none required
configure:3149: checking for library containing gethostbyname
configure:3180: gcc -o conftest -g -O4 -Wall   conftest.c -lm  >&5
configure:3183: $? = 0
configure:3186: test -s conftest
configure:3189: $? = 0
configure:3248: result: none required
configure:3317: checking for gnome-config
configure:3344: result: 0
configure:3380: gcc -c -g -O4 -Wall  conftest.c >&5
configure: In function 'main':
configure:3389:1: warning: implicit declaration of function 'foo' [-Wimplicit-function-declaration]
 3389 |   (eval $ac_try) 2>&5
      | ^ ~
configure:3389:5: error: 'SIOCGSTAMP' undeclared (first use in this function)
 3389 |   (eval $ac_try) 2>&5
      |     ^~~~~~~~~~
configure:3389:5: note: each undeclared identifier is reported only once for each function it appears in
configure:3383: $? = 1
configure: failed program was:
| #line 3363 "configure"
| /* confdefs.h.  */
| 
| #define PACKAGE_NAME ""
| #define PACKAGE_TARNAME ""
| #define PACKAGE_VERSION ""
| #define PACKAGE_STRING ""
| #define PACKAGE_BUGREPORT ""
| #define STDC_HEADERS 1
| #define HAVE_SYS_TYPES_H 1
| #define HAVE_SYS_STAT_H 1
| #define HAVE_STDLIB_H 1
| #define HAVE_STRING_H 1
| #define HAVE_MEMORY_H 1
| #define HAVE_STRINGS_H 1
| #define HAVE_INTTYPES_H 1
| #define HAVE_STDINT_H 1
| #define HAVE_UNISTD_H 1
| #define HAVE_SCHED_H 1
| #define HAVE_SYS_MMAN_H 1
| #define HAVE_IN_ADDR_T 1
| #define HAVE_U_INT32_T 1
| /* end confdefs.h.  */
| #include <sys/socket.h>
| int
| main ()
| {
| foo(SIOCGSTAMP);
|   ;
|   return 0;
| }
configure:3417: gcc -c -g -O4 -Wall  conftest.c >&5
configure: In function 'main':
configure:3426:1: warning: implicit declaration of function 'foo' [-Wimplicit-function-declaration]
 3426 |   (eval $ac_try) 2>&5
      | ^ ~
configure:3420: $? = 0
configure:3423: test -s conftest.o
configure:3426: $? = 0
configure:3541: creating ./config.status

## ---------------------- ##
## Running config.status. ##
## ---------------------- ##

This file was extended by config.status, which was
generated by GNU Autoconf 2.57.  Invocation command line was

  CONFIG_FILES    = 
  CONFIG_HEADERS  = 
  CONFIG_LINKS    = 
  CONFIG_COMMANDS = 
  $ ./config.status 

on J0nny

config.status:602: creating Makefile
config.status:705: creating config.h

## ---------------- ##
## Cache variables. ##
## ---------------- ##

ac_cv_build=x86_64-unknown-linux-gnu
ac_cv_build_alias=x86_64-unknown-linux-gnu
ac_cv_c_compiler_gnu=yes
ac_cv_env_CC_set=
ac_cv_env_CC_value=
ac_cv_env_CFLAGS_set=
ac_cv_env_CFLAGS_value=
ac_cv_env_CPPFLAGS_set=
ac_cv_env_CPPFLAGS_value=
ac_cv_env_CPP_set=
ac_cv_env_CPP_value=
ac_cv_env_LDFLAGS_set=
ac_cv_env_LDFLAGS_value=
ac_cv_env_build_alias_set=
ac_cv_env_build_alias_value=
ac_cv_env_host_alias_set=
ac_cv_env_host_alias_value=
ac_cv_env_target_alias_set=
ac_cv_env_target_alias_value=
ac_cv_exeext=
ac_cv_header_inttypes_h=yes
ac_cv_header_memory_h=yes
ac_cv_header_sched_h=yes
ac_cv_header_stdc=yes
ac_cv_header_stdint_h=yes
ac_cv_header_stdlib_h=yes
ac_cv_header_string_h=yes
ac_cv_header_strings_h=yes
ac_cv_header_sys_mman_h=yes
ac_cv_header_sys_stat_h=yes
ac_cv_header_sys_types_h=yes
ac_cv_header_unistd_h=yes
ac_cv_host=x86_64-unknown-linux-gnu
ac_cv_host_alias=x86_64-unknown-linux-gnu
ac_cv_objext=o
ac_cv_prog_CPP='gcc -E'
ac_cv_prog_HAVE_GNOME_H=0
ac_cv_prog_ac_ct_CC=gcc
ac_cv_prog_cc_g=yes
ac_cv_prog_cc_stdc=
ac_cv_prog_egrep='grep -E'
ac_cv_search_floor=-lm
ac_cv_search_gethostbyname='none required'
ac_cv_search_sched_setscheduler='none required'
ac_cv_search_socket='none required'

## ----------------- ##
## Output variables. ##
## ----------------- ##

CC='gcc'
CFLAGS='-g -O4 -Wall'
CPP='gcc -E'
CPPFLAGS=''
DEFS='-DHAVE_CONFIG_H'
ECHO_C=''
ECHO_N='-n'
ECHO_T=''
EGREP='grep -E'
EXEEXT=''
HAVE_GNOME_H='0'
LDFLAGS=''
LIBOBJS=''
LIBS='-lm '
LTLIBOBJS=''
OBJEXT='o'
PACKAGE_BUGREPORT=''
PACKAGE_NAME=''
PACKAGE_STRING=''
PACKAGE_TARNAME=''
PACKAGE_VERSION=''
PATH_SEPARATOR=':'
SHELL='/bin/bash'
ac_ct_CC='gcc'
bindir='${exec_prefix}/bin'
build='x86_64-unknown-linux-gnu'
build_alias=''
build_cpu='x86_64'
build_os='linux-gnu'
build_vendor='unknown'
datadir='${prefix}/share'
exec_prefix='${prefix}'
host='x86_64-unknown-linux-gnu'
host_alias=''
host_cpu='x86_64'
host_os='linux-gnu'
host_vendor='unknown'
includedir='${prefix}/include'
infodir='${prefix}/info'
libdir='${exec_prefix}/lib'
libexecdir='${exec_prefix}/libexec'
localstatedir='${prefix}/var'
mandir='${prefix}/man'
oldincludedir='/usr/include'
prefix='/usr/local'
program_transform_name='s,x,x,'
sbindir='${exec_prefix}/sbin'
sharedstatedir='${prefix}/com'
sysconfdir='${prefix}/etc'
target_alias=''

## ----------- ##
## confdefs.h. ##
## ----------- ##

#define HAVE_INTTYPES_H 1
#define HAVE_IN_ADDR_T 1
#define HAVE_MEMORY_H 1
#define HAVE_SCHED_H 1
#define HAVE_SO_TIMESTAMP 1
#define HAVE_STDINT_H 1
#define HAVE_STDLIB_H 1
#define HAVE_STRINGS_H 1
#define HAVE_STRING_H 1
#define HAVE_SYS_MMAN_H 1
#define HAVE_SYS_STAT_H 1
#define HAVE_SYS_TYPES_H 1
#define HAVE_UNISTD_H 1
#define HAVE_U_INT32_T 1
#define PACKAGE_BUGREPORT ""
#define PACKAGE_NAME ""
#define PACKAGE_STRING ""
#define PACKAGE_TARNAME ""
#define PACKAGE_VERSION ""
#define STDC_HEADERS 1

configure: exit 0
